<?xml version="1.0" encoding="UTF-8"?>
<testsuite xmlns:xsi="http://www.w3.org/2001/XMLSchema-instance" xsi:noNamespaceSchemaLocation="https://maven.apache.org/surefire/maven-surefire-plugin/xsd/surefire-test-report-3.0.xsd" version="3.0" name="com.onvif.server.OnvifServerApplicationTest" time="3.723" tests="25" errors="0" skipped="0" failures="0">
  <properties>
[...]
</properties>
  <testcase name="testGetSnapshotUri" classname="com.onvif.server.OnvifServerApplicationTest" time="0.689">
    <system-out><![CDATA[08:15:41.309 [main] INFO org.springframework.test.context.support.AnnotationConfigContextLoaderUtils -- Could not detect default configuration classes for test class [com.onvif.server.OnvifServerApplicationTest]: OnvifServerApplicationTest does not declare any static, non-private, non-final, nested classes annotated with @Configuration.
08:15:41.401 [main] INFO org.springframework.boot.test.context.SpringBootTestContextBootstrapper -- Found @SpringBootConfiguration com.onvif.server.OnvifServerApplication for test class com.onvif.server.OnvifServerApplicationTest

  .   ____          _            __ _ _
 /\\ / ___'_ __ _ _(_)_ __  __ _ \ \ \ \
( ( )\___ | '_ | '_| | '_ \/ _` | \ \ \ \
 \\/  ___)| |_)| | | | | || (_| |  ) ) ) )
  '  |____| .__|_| |_|_| |_\__, | / / / /
 =========|_|==============|___/=/_/_/_/
 :: Spring Boot ::                (v3.2.3)

2026-03-11T08:15:41.733Z  INFO 4856 --- [           main] c.o.server.OnvifServerApplicationTest    : Starting OnvifServerApplicationTest using Java 17.0.18 with PID 4856 (started by runner in /home/runner/work/OnvifServer/OnvifServer)
2026-03-11T08:15:41.734Z DEBUG 4856 --- [           main] c.o.server.OnvifServerApplicationTest    : Running with Spring Boot v3.2.3, Spring v6.1.4
2026-03-11T08:15:41.734Z  INFO 4856 --- [           main] c.o.server.OnvifServerApplicationTest    : No active profile set, falling back to 1 default profile: "default"
2026-03-11T08:15:42.732Z  INFO 4856 --- [           main] o.s.b.w.embedded.tomcat.TomcatWebServer  : Tomcat initialized with port 0 (http)
2026-03-11T08:15:42.741Z  INFO 4856 --- [           main] o.apache.catalina.core.StandardService   : Starting service [Tomcat]
2026-03-11T08:15:42.742Z  INFO 4856 --- [           main] o.apache.catalina.core.StandardEngine    : Starting Servlet engine: [Apache Tomcat/10.1.19]
2026-03-11T08:15:42.786Z  INFO 4856 --- [           main] o.a.c.c.C.[Tomcat].[localhost].[/]       : Initializing Spring embedded WebApplicationContext
2026-03-11T08:15:42.788Z  INFO 4856 --- [           main] w.s.c.ServletWebServerApplicationContext : Root WebApplicationContext: initialization completed in 1032 ms
2026-03-11T08:15:43.030Z  INFO 4856 --- [           main] o.a.c.w.s.f.ReflectionServiceFactoryBean : Creating Service {http://www.onvif.org/ver10/device/wsdl}DeviceService from class com.onvif.server.endpoint.DeviceServiceEndpoint
2026-03-11T08:15:43.481Z  INFO 4856 --- [           main] org.apache.cxf.endpoint.ServerImpl       : Setting the server's publish address to be /onvif/device_service
2026-03-11T08:15:43.489Z  INFO 4856 --- [           main] o.a.c.w.s.f.ReflectionServiceFactoryBean : Creating Service {http://www.onvif.org/ver20/media/wsdl}Media2Service from class com.onvif.server.endpoint.Media2ServiceEndpoint
2026-03-11T08:15:43.590Z  INFO 4856 --- [           main] org.apache.cxf.endpoint.ServerImpl       : Setting the server's publish address to be /onvif/media2_service
2026-03-11T08:15:43.593Z  INFO 4856 --- [           main] o.a.c.w.s.f.ReflectionServiceFactoryBean : Creating Service {http://www.onvif.org/ver20/ptz/wsdl}PTZService from class com.onvif.server.endpoint.PtzServiceEndpoint
2026-03-11T08:15:43.678Z  INFO 4856 --- [           main] org.apache.cxf.endpoint.ServerImpl       : Setting the server's publish address to be /onvif/ptz_service
2026-03-11T08:15:43.680Z  INFO 4856 --- [           main] o.a.c.w.s.f.ReflectionServiceFactoryBean : Creating Service {http://www.onvif.org/ver10/events/wsdl}EventService from class com.onvif.server.endpoint.EventServiceEndpoint
2026-03-11T08:15:43.710Z  INFO 4856 --- [           main] org.apache.cxf.endpoint.ServerImpl       : Setting the server's publish address to be /onvif/event_service
2026-03-11T08:15:43.712Z  INFO 4856 --- [           main] o.a.c.w.s.f.ReflectionServiceFactoryBean : Creating Service {http://www.onvif.org/ver20/imaging/wsdl}ImagingService from class com.onvif.server.endpoint.ImagingServiceEndpoint
2026-03-11T08:15:43.744Z  INFO 4856 --- [           main] org.apache.cxf.endpoint.ServerImpl       : Setting the server's publish address to be /onvif/imaging_service
2026-03-11T08:15:43.746Z  INFO 4856 --- [           main] o.a.c.w.s.f.ReflectionServiceFactoryBean : Creating Service {http://www.onvif.org/ver20/analytics/wsdl}AnalyticsService from class com.onvif.server.endpoint.AnalyticsServiceEndpoint
2026-03-11T08:15:43.782Z  INFO 4856 --- [           main] org.apache.cxf.endpoint.ServerImpl       : Setting the server's publish address to be /onvif/analytics_service
2026-03-11T08:15:44.082Z  INFO 4856 --- [           main] o.s.b.w.embedded.tomcat.TomcatWebServer  : Tomcat started on port 39195 (http) with context path ''
2026-03-11T08:15:44.093Z  INFO 4856 --- [           main] c.o.server.OnvifServerApplicationTest    : Started OnvifServerApplicationTest in 2.597 seconds (process running for 3.392)
[Media2] GetSnapshotUri: profile=profile_main_h264 uri=http://192.168.1.100:0/onvif/snapshot/profile_main_h264
]]></system-out>
  </testcase>
  <testcase name="testCreateAndDeleteRules" classname="com.onvif.server.OnvifServerApplicationTest" time="0.004">
    <system-out><![CDATA[[Analytics] CreateRule: token=rule_0
[Analytics] CreateRule: token=rule_2
[Analytics] DeleteRule: rule_0
]]></system-out>
  </testcase>
  <testcase name="testGetPtzNodes" classname="com.onvif.server.OnvifServerApplicationTest" time="0.003"/>
  <testcase name="testPtzRelativeMoveClampsBounds" classname="com.onvif.server.OnvifServerApplicationTest" time="0.006">
    <system-out><![CDATA[[PTZ] AbsoluteMove: profile=profile pan=0.900 tilt=0.900 zoom=0.000
[PTZ] RelativeMove: profile=profile pan=1.000 tilt=1.000 zoom=0.000
]]></system-out>
  </testcase>
  <testcase name="testGetDeviceInformation" classname="com.onvif.server.OnvifServerApplicationTest" time="0.003"/>
  <testcase name="testGetMetadataConfigurations" classname="com.onvif.server.OnvifServerApplicationTest" time="0.002"/>
  <testcase name="testGetVideoEncoderConfigurations" classname="com.onvif.server.OnvifServerApplicationTest" time="0.004"/>
  <testcase name="testPtzHomePosition" classname="com.onvif.server.OnvifServerApplicationTest" time="0.005">
    <system-out><![CDATA[[PTZ] AbsoluteMove: profile=profile pan=0.800 tilt=0.600 zoom=0.300
[PTZ] GotoHomePosition: profile=profile
]]></system-out>
  </testcase>
  <testcase name="testGetVideoSourceConfigurations" classname="com.onvif.server.OnvifServerApplicationTest" time="0.003"/>
  <testcase name="testGetSupportedRules" classname="com.onvif.server.OnvifServerApplicationTest" time="0.004"/>
  <testcase name="testGetCapabilities" classname="com.onvif.server.OnvifServerApplicationTest" time="0.004"/>
  <testcase name="testGetPtzConfigurations" classname="com.onvif.server.OnvifServerApplicationTest" time="0.002"/>
  <testcase name="testGetImagingSettings" classname="com.onvif.server.OnvifServerApplicationTest" time="0.005"/>
  <testcase name="testGetMedia2Profiles" classname="com.onvif.server.OnvifServerApplicationTest" time="0.005"/>
  <testcase name="testPtzAbsoluteMoveAndGetStatus" classname="com.onvif.server.OnvifServerApplicationTest" time="0.003">
    <system-out><![CDATA[[PTZ] AbsoluteMove: profile=profile_main_h264 pan=0.500 tilt=0.300 zoom=0.200
]]></system-out>
  </testcase>
  <testcase name="testPtzPresetWorkflow" classname="com.onvif.server.OnvifServerApplicationTest" time="0.004">
    <system-out><![CDATA[[PTZ] AbsoluteMove: profile=profile pan=0.700 tilt=0.400 zoom=0.500
[PTZ] SetPreset: name=TestPreset token=preset_0
[PTZ] AbsoluteMove: profile=profile pan=0.000 tilt=0.000 zoom=0.000
[PTZ] GotoPreset: preset_0 -> pan=0.700 tilt=0.400 zoom=0.500
[PTZ] RemovePreset: preset_0
]]></system-out>
  </testcase>
  <testcase name="testGetStreamUri" classname="com.onvif.server.OnvifServerApplicationTest" time="0.002">
    <system-out><![CDATA[[Media2] GetStreamUri: profile=profile_main_h264 uri=rtsp://192.168.1.100:554/live/profile_main_h264
]]></system-out>
  </testcase>
  <testcase name="testGetEventProperties" classname="com.onvif.server.OnvifServerApplicationTest" time="0.002"/>
  <testcase name="testCreatePullPointSubscription" classname="com.onvif.server.OnvifServerApplicationTest" time="0.002">
    <system-out><![CDATA[[Event] CreatePullPointSubscription: id=pullsub_0651e250
]]></system-out>
  </testcase>
  <testcase name="testSubscribeAndRenew" classname="com.onvif.server.OnvifServerApplicationTest" time="0.003">
    <system-out><![CDATA[[Event] Subscribe: id=sub_b034ad8f consumer=http://client/notify
[Event] Renew until: 2026-03-11T09:15:44.880198467Z
]]></system-out>
  </testcase>
  <testcase name="testSetImagingSettings" classname="com.onvif.server.OnvifServerApplicationTest" time="0.002">
    <system-out><![CDATA[[Imaging] SetImagingSettings: source=vs_test
]]></system-out>
  </testcase>
  <testcase name="testGetHostname" classname="com.onvif.server.OnvifServerApplicationTest" time="0.002"/>
  <testcase name="testPtzRelativeMove" classname="com.onvif.server.OnvifServerApplicationTest" time="0.003">
    <system-out><![CDATA[[PTZ] AbsoluteMove: profile=profile pan=0.000 tilt=0.000 zoom=0.000
[PTZ] RelativeMove: profile=profile pan=0.200 tilt=0.100 zoom=0.100
]]></system-out>
  </testcase>
  <testcase name="testGetSystemDateAndTime" classname="com.onvif.server.OnvifServerApplicationTest" time="0.002"/>
  <testcase name="testGetSupportedAnalyticsModules" classname="com.onvif.server.OnvifServerApplicationTest" time="0.002"/>
</testsuite>